js-bson: Failed to load c++ bson extension, using pure JS version

module.js:340
    throw err;
    ^
Error: Cannot find module './types.json'
    at Function.Module._resolveFilename (module.js:338:15)
    at Function.Module._load (module.js:280:25)
    at Module.require (module.js:364:17)
    at require (module.js:380:17)
    at Object.<anonymous> (/home/chris/deployd/leader-board/node_modules/deployd/node_modules/send/node_modules/mime/mime.js:87:13)
    at Module._compile (module.js:456:26)
    at Object.Module._extensions..js (module.js:474:10)
    at Module.load (module.js:356:32)
    at Function.Module._load (module.js:312:12)
    at Module.require (module.js:364:17)
    at require (module.js:380:17)
    at Object.<anonymous> (/home/chris/deployd/leader-board/node_modules/deployd/node_modules/send/index.js:18:12)
    at Module._compile (module.js:456:26)
    at Object.Module._extensions..js (module.js:474:10)
    at Module.load (module.js:356:32)
    at Function.Module._load (module.js:312:12)
